{"D:\\New_PePe\\Work\\UNI\\Software Engineer\\cedt-se-project-dentnutz\\Backend\\controllers\\functionForTest.js": {"path":"D:\\New_PePe\\Work\\UNI\\Software Engineer\\cedt-se-project-dentnutz\\Backend\\controllers\\functionForTest.js","statementMap":{"0":{"start":{"line":1,"column":15},"end":{"line":1,"column":42}},"1":{"start":{"line":2,"column":20},"end":{"line":2,"column":52}},"2":{"start":{"line":4,"column":0},"end":{"line":37,"column":5}},"3":{"start":{"line":6,"column":4},"end":{"line":36,"column":5}},"4":{"start":{"line":7,"column":8},"end":{"line":32,"column":9}},"5":{"start":{"line":8,"column":32},"end":{"line":8,"column":42}},"6":{"start":{"line":9,"column":32},"end":{"line":9,"column":82}},"7":{"start":{"line":10,"column":12},"end":{"line":15,"column":15}},"8":{"start":{"line":11,"column":16},"end":{"line":14,"column":19}},"9":{"start":{"line":17,"column":12},"end":{"line":19,"column":13}},"10":{"start":{"line":18,"column":16},"end":{"line":18,"column":109}},"11":{"start":{"line":20,"column":30},"end":{"line":20,"column":87}},"12":{"start":{"line":21,"column":12},"end":{"line":23,"column":13}},"13":{"start":{"line":22,"column":16},"end":{"line":22,"column":115}},"14":{"start":{"line":24,"column":27},"end":{"line":24,"column":300}},"15":{"start":{"line":25,"column":12},"end":{"line":28,"column":15}},"16":{"start":{"line":31,"column":12},"end":{"line":31,"column":52}},"17":{"start":{"line":35,"column":8},"end":{"line":35,"column":102}},"18":{"start":{"line":38,"column":4},"end":{"line":63,"column":5}},"19":{"start":{"line":40,"column":8},"end":{"line":62,"column":9}},"20":{"start":{"line":41,"column":12},"end":{"line":57,"column":13}},"21":{"start":{"line":42,"column":31},"end":{"line":42,"column":67}},"22":{"start":{"line":44,"column":16},"end":{"line":46,"column":17}},"23":{"start":{"line":45,"column":20},"end":{"line":45,"column":68}},"24":{"start":{"line":48,"column":16},"end":{"line":50,"column":17}},"25":{"start":{"line":49,"column":20},"end":{"line":49,"column":125}},"26":{"start":{"line":52,"column":38},"end":{"line":52,"column":129}},"27":{"start":{"line":54,"column":16},"end":{"line":54,"column":77}},"28":{"start":{"line":56,"column":16},"end":{"line":56,"column":57}},"29":{"start":{"line":61,"column":12},"end":{"line":61,"column":109}}},"fnMap":{"0":{"name":"(anonymous_0)","decl":{"start":{"line":4,"column":23},"end":{"line":4,"column":24}},"loc":{"start":{"line":4,"column":45},"end":{"line":37,"column":5}},"line":4},"1":{"name":"(anonymous_1)","decl":{"start":{"line":38,"column":27},"end":{"line":38,"column":28}},"loc":{"start":{"line":38,"column":49},"end":{"line":63,"column":5}},"line":38}},"branchMap":{"0":{"loc":{"start":{"line":6,"column":4},"end":{"line":36,"column":5}},"type":"if","locations":[{"start":{"line":6,"column":4},"end":{"line":36,"column":5}},{"start":{"line":34,"column":8},"end":{"line":36,"column":5}}],"line":6},"1":{"loc":{"start":{"line":10,"column":12},"end":{"line":15,"column":15}},"type":"if","locations":[{"start":{"line":10,"column":12},"end":{"line":15,"column":15}},{"start":{},"end":{}}],"line":10},"2":{"loc":{"start":{"line":17,"column":12},"end":{"line":19,"column":13}},"type":"if","locations":[{"start":{"line":17,"column":12},"end":{"line":19,"column":13}},{"start":{},"end":{}}],"line":17},"3":{"loc":{"start":{"line":21,"column":12},"end":{"line":23,"column":13}},"type":"if","locations":[{"start":{"line":21,"column":12},"end":{"line":23,"column":13}},{"start":{},"end":{}}],"line":21},"4":{"loc":{"start":{"line":40,"column":8},"end":{"line":62,"column":9}},"type":"if","locations":[{"start":{"line":40,"column":8},"end":{"line":62,"column":9}},{"start":{"line":60,"column":12},"end":{"line":62,"column":9}}],"line":40},"5":{"loc":{"start":{"line":44,"column":16},"end":{"line":46,"column":17}},"type":"if","locations":[{"start":{"line":44,"column":16},"end":{"line":46,"column":17}},{"start":{},"end":{}}],"line":44},"6":{"loc":{"start":{"line":48,"column":16},"end":{"line":50,"column":17}},"type":"if","locations":[{"start":{"line":48,"column":16},"end":{"line":50,"column":17}},{"start":{},"end":{}}],"line":48}},"s":{"0":2,"1":2,"2":2,"3":6,"4":5,"5":5,"6":5,"7":5,"8":1,"9":4,"10":1,"11":3,"12":3,"13":1,"14":2,"15":1,"16":1,"17":1,"18":2,"19":5,"20":4,"21":4,"22":4,"23":1,"24":3,"25":1,"26":2,"27":1,"28":1,"29":1},"f":{"0":6,"1":5},"b":{"0":[5,1],"1":[1,4],"2":[1,3],"3":[1,2],"4":[4,1],"5":[1,3],"6":[1,2]},"_coverageSchema":"1a1c01bbd47fc00a2c39e90264f33305004495a9","hash":"909ff3b58cc30ea53e7a3e0ed1759d64d688c00a"}
,"D:\\New_PePe\\Work\\UNI\\Software Engineer\\cedt-se-project-dentnutz\\Backend\\models\\Appointment.js": {"path":"D:\\New_PePe\\Work\\UNI\\Software Engineer\\cedt-se-project-dentnutz\\Backend\\models\\Appointment.js","statementMap":{"0":{"start":{"line":1,"column":17},"end":{"line":1,"column":36}},"1":{"start":{"line":3,"column":26},"end":{"line":36,"column":1}},"2":{"start":{"line":38,"column":0},"end":{"line":43,"column":4}},"3":{"start":{"line":45,"column":0},"end":{"line":45,"column":66}}},"fnMap":{},"branchMap":{},"s":{"0":2,"1":2,"2":2,"3":2},"f":{},"b":{},"_coverageSchema":"1a1c01bbd47fc00a2c39e90264f33305004495a9","hash":"108a69952a0a15951034ca7ceab1610eaa3de3e1"}
,"D:\\New_PePe\\Work\\UNI\\Software Engineer\\cedt-se-project-dentnutz\\Backend\\models\\Report.js": {"path":"D:\\New_PePe\\Work\\UNI\\Software Engineer\\cedt-se-project-dentnutz\\Backend\\models\\Report.js","statementMap":{"0":{"start":{"line":1,"column":21},"end":{"line":1,"column":39}},"1":{"start":{"line":2,"column":17},"end":{"line":2,"column":36}},"2":{"start":{"line":4,"column":21},"end":{"line":37,"column":2}},"3":{"start":{"line":41,"column":0},"end":{"line":41,"column":56}}},"fnMap":{},"branchMap":{},"s":{"0":2,"1":2,"2":2,"3":2},"f":{},"b":{},"_coverageSchema":"1a1c01bbd47fc00a2c39e90264f33305004495a9","hash":"805112c0941eeb5540cdc04a018d0b06d3466f2b"}
}
