TN:
SF:controllers\functionForTest.js
FN:4,(anonymous_0)
FN:38,(anonymous_1)
FNF:2
FNH:2
FNDA:6,(anonymous_0)
FNDA:5,(anonymous_1)
DA:1,2
DA:2,2
DA:4,2
DA:6,6
DA:7,5
DA:8,5
DA:9,5
DA:10,5
DA:11,1
DA:17,4
DA:18,1
DA:20,3
DA:21,3
DA:22,1
DA:24,2
DA:25,1
DA:31,1
DA:35,1
DA:38,2
DA:40,5
DA:41,4
DA:42,4
DA:44,4
DA:45,1
DA:48,3
DA:49,1
DA:52,2
DA:54,1
DA:56,1
DA:61,1
LF:30
LH:30
BRDA:6,0,0,5
BRDA:6,0,1,1
BRDA:10,1,0,1
BRDA:10,1,1,4
BRDA:17,2,0,1
BRDA:17,2,1,3
BRDA:21,3,0,1
BRDA:21,3,1,2
BRDA:40,4,0,4
BRDA:40,4,1,1
BRDA:44,5,0,1
BRDA:44,5,1,3
BRDA:48,6,0,1
BRDA:48,6,1,2
BRF:14
BRH:14
end_of_record
TN:
SF:models\Appointment.js
FNF:0
FNH:0
DA:1,2
DA:3,2
DA:38,2
DA:45,2
LF:4
LH:4
BRF:0
BRH:0
end_of_record
TN:
SF:models\Report.js
FNF:0
FNH:0
DA:1,2
DA:2,2
DA:4,2
DA:41,2
LF:4
LH:4
BRF:0
BRH:0
end_of_record
